<?xml version="1.0" encoding="UTF-8"?>
<testsuite xmlns:xsi="http://www.w3.org/2001/XMLSchema-instance" xsi:noNamespaceSchemaLocation="https://maven.apache.org/surefire/maven-surefire-plugin/xsd/surefire-test-report.xsd" version="3.0.2" name="com.medico.resources.HealthResourceTest" time="15.379" tests="1" errors="0" skipped="0" failures="0">
  <properties>
[...]
</properties>
  <testcase name="testHealthEndpoint" classname="com.medico.resources.HealthResourceTest" time="1.618">
    <system-out><![CDATA[19:27:47 WARN  [i.q.config] (main) Unrecognized configuration key "quarkus.smallrye-openapi.oauth2-implicit-location" was provided; it will be ignored; verify that the dependency extension for this configuration is set or that you did not make a typo
19:27:47 WARN  [i.q.config] (main) Unrecognized configuration key "quarkus.security.users.file.enabled" was provided; it will be ignored; verify that the dependency extension for this configuration is set or that you did not make a typo
19:27:47 WARN  [i.q.config] (main) Unrecognized configuration key "quarkus.smallrye-openapi.security-scheme-type" was provided; it will be ignored; verify that the dependency extension for this configuration is set or that you did not make a typo
19:27:52 WARN  [o.h.t.s.i.ExceptionHandlerLoggedImpl] (JPA Startup Thread) GenerationTarget encountered exception accepting command : Error executing DDL "create table sales (year integer not null, id uuid not null, sales_plan_id uuid, achievements integer array, targets integer array, primary key (id))" via JDBC [Syntax error in SQL statement "create table sales ([*]year integer not null, id uuid not null, sales_plan_id uuid, achievements integer array, targets integer array, primary key (id))"; expected "identifier";]
19:27:52 WARN  [o.h.t.s.i.ExceptionHandlerLoggedImpl] (JPA Startup Thread) GenerationTarget encountered exception accepting command : Error executing DDL "CREATE TABLE sectors (     id UUID PRIMARY KEY,     name VARCHAR(255) NOT NULL )" via JDBC [Table "SECTORS" already exists;]
19:27:52 WARN  [o.h.t.s.i.ExceptionHandlerLoggedImpl] (JPA Startup Thread) GenerationTarget encountered exception accepting command : Error executing DDL "CREATE TABLE bricks (     id UUID PRIMARY KEY,     name VARCHAR(255) NOT NULL,     sector_id UUID,     FOREIGN KEY (sector_id) REFERENCES sectors(id) )" via JDBC [Table "BRICKS" already exists;]
19:27:52 WARN  [o.h.t.s.i.ExceptionHandlerLoggedImpl] (JPA Startup Thread) GenerationTarget encountered exception accepting command : Error executing DDL "CREATE TABLE profiles (     id UUID PRIMARY KEY,     first_name VARCHAR(255) NOT NULL,     last_name VARCHAR(255) NOT NULL,     role VARCHAR(32) NOT NULL,     sector_id UUID,     supervisor_id UUID,     created_at TIMESTAMP,     updated_at TIMESTAMP,     FOREIGN KEY (sector_id) REFERENCES sectors(id),     FOREIGN KEY (supervisor_id) REFERENCES profiles(id) )" via JDBC [Table "PROFILES" already exists;]
19:27:52 WARN  [o.h.t.s.i.ExceptionHandlerLoggedImpl] (JPA Startup Thread) GenerationTarget encountered exception accepting command : Error executing DDL "CREATE TABLE products (     id UUID PRIMARY KEY,     name VARCHAR(255) NOT NULL,     therapeutic_class VARCHAR(64) )" via JDBC [Table "PRODUCTS" already exists;]
19:27:52 WARN  [o.h.t.s.i.ExceptionHandlerLoggedImpl] (JPA Startup Thread) GenerationTarget encountered exception accepting command : Error executing DDL "CREATE TABLE doctors (     id UUID PRIMARY KEY,     first_name VARCHAR(255) NOT NULL,     last_name VARCHAR(255) NOT NULL,     specialty VARCHAR(255),     brick_id UUID,     FOREIGN KEY (brick_id) REFERENCES bricks(id) )" via JDBC [Table "DOCTORS" already exists;]
19:27:52 WARN  [o.h.t.s.i.ExceptionHandlerLoggedImpl] (JPA Startup Thread) GenerationTarget encountered exception accepting command : Error executing DDL "CREATE TABLE sales_plans (     id UUID PRIMARY KEY,     delegate_id UUID,     product_id UUID,     brick_id UUID,     FOREIGN KEY (delegate_id) REFERENCES profiles(id),     FOREIGN KEY (product_id) REFERENCES products(id),     FOREIGN KEY (brick_id) REFERENCES bricks(id) )" via JDBC [Table "SALES_PLANS" already exists;]
19:27:52 WARN  [o.h.t.s.i.ExceptionHandlerLoggedImpl] (JPA Startup Thread) GenerationTarget encountered exception accepting command : Error executing DDL "CREATE TABLE sales (     id UUID PRIMARY KEY,     year INT NOT NULL,     sales_plan_id UUID,     FOREIGN KEY (sales_plan_id) REFERENCES sales_plans(id) )" via JDBC [Syntax error in SQL statement "CREATE TABLE sales (     id UUID PRIMARY KEY,     [*]year INT NOT NULL,     sales_plan_id UUID,     FOREIGN KEY (sales_plan_id) REFERENCES sales_plans(id) )"; expected "identifier";]
19:27:52 WARN  [o.h.t.s.i.ExceptionHandlerLoggedImpl] (JPA Startup Thread) GenerationTarget encountered exception accepting command : Error executing DDL "CREATE TABLE visits (     id UUID PRIMARY KEY,     visit_date DATE NOT NULL,     delegate_id UUID NOT NULL,     doctor_id UUID NOT NULL,     product_id UUID,     brick_id UUID,     status VARCHAR(32),     notes VARCHAR(1000),     feedback VARCHAR(1000),     return_index INT,     created_at TIMESTAMP,     updated_at TIMESTAMP,     FOREIGN KEY (delegate_id) REFERENCES profiles(id),     FOREIGN KEY (doctor_id) REFERENCES doctors(id),     FOREIGN KEY (product_id) REFERENCES products(id),     FOREIGN KEY (brick_id) REFERENCES bricks(id) )" via JDBC [Table "VISITS" already exists;]
19:27:52 WARN  [o.h.t.s.i.ExceptionHandlerLoggedImpl] (JPA Startup Thread) GenerationTarget encountered exception accepting command : Error executing DDL "CREATE TABLE action_plans (     id UUID PRIMARY KEY,     location VARCHAR(255) NOT NULL,     date DATE NOT NULL,     description VARCHAR(1000),     type VARCHAR(32) NOT NULL,     created_by UUID NOT NULL,     supervisor_status VARCHAR(32) NOT NULL,     sales_director_status VARCHAR(32) NOT NULL,     marketing_manager_status VARCHAR(32) NOT NULL,     is_executed BOOLEAN DEFAULT FALSE,     created_at TIMESTAMP,     updated_at TIMESTAMP,     FOREIGN KEY (created_by) REFERENCES profiles(id) )" via JDBC [Table "ACTION_PLANS" already exists;]
19:27:52 WARN  [o.h.t.s.i.ExceptionHandlerLoggedImpl] (JPA Startup Thread) GenerationTarget encountered exception accepting command : Error executing DDL "CREATE TABLE action_plan_targeted_doctors (     action_plan_id UUID,     doctor_id UUID,     FOREIGN KEY (action_plan_id) REFERENCES action_plans(id),     FOREIGN KEY (doctor_id) REFERENCES doctors(id) )" via JDBC [Table "ACTION_PLAN_TARGETED_DOCTORS" already exists;]
19:27:52 WARN  [o.h.t.s.i.ExceptionHandlerLoggedImpl] (JPA Startup Thread) GenerationTarget encountered exception accepting command : Error executing DDL "CREATE TABLE action_plan_targeted_bricks (     action_plan_id UUID,     brick_id UUID,     FOREIGN KEY (action_plan_id) REFERENCES action_plans(id),     FOREIGN KEY (brick_id) REFERENCES bricks(id) )" via JDBC [Table "ACTION_PLAN_TARGETED_BRICKS" already exists;]
19:27:52 WARN  [o.h.t.s.i.ExceptionHandlerLoggedImpl] (JPA Startup Thread) GenerationTarget encountered exception accepting command : Error executing DDL "CREATE TABLE action_plan_targeted_delegates (     action_plan_id UUID,     delegate_id UUID,     FOREIGN KEY (action_plan_id) REFERENCES action_plans(id),     FOREIGN KEY (delegate_id) REFERENCES profiles(id) )" via JDBC [Table "ACTION_PLAN_TARGETED_DELEGATES" already exists;]
19:27:52 WARN  [o.h.t.s.i.ExceptionHandlerLoggedImpl] (JPA Startup Thread) GenerationTarget encountered exception accepting command : Error executing DDL "CREATE TABLE action_plan_targeted_supervisors (     action_plan_id UUID,     supervisor_id UUID,     FOREIGN KEY (action_plan_id) REFERENCES action_plans(id),     FOREIGN KEY (supervisor_id) REFERENCES profiles(id) )" via JDBC [Table "ACTION_PLAN_TARGETED_SUPERVISORS" already exists;]
19:27:52 WARN  [o.h.t.s.i.ExceptionHandlerLoggedImpl] (JPA Startup Thread) GenerationTarget encountered exception accepting command : Error executing DDL "CREATE TABLE action_plan_targeted_sales_directors (     action_plan_id UUID,     sales_director_id UUID,     FOREIGN KEY (action_plan_id) REFERENCES action_plans(id),     FOREIGN KEY (sales_director_id) REFERENCES profiles(id) )" via JDBC [Table "ACTION_PLAN_TARGETED_SALES_DIRECTORS" already exists;]
19:27:52 WARN  [o.h.t.s.i.ExceptionHandlerLoggedImpl] (JPA Startup Thread) GenerationTarget encountered exception accepting command : Error executing DDL "CREATE TABLE action_plan_targeted_products (     action_plan_id UUID,     product_id UUID,     FOREIGN KEY (action_plan_id) REFERENCES action_plans(id),     FOREIGN KEY (product_id) REFERENCES products(id) )" via JDBC [Table "ACTION_PLAN_TARGETED_PRODUCTS" already exists;]
19:27:53 INFO  [i.quarkus] (main) medico-backend 1.0.0-SNAPSHOT on JVM (powered by Quarkus 3.15.1) started in 11.454s. Listening on: http://localhost:8081
19:27:53 INFO  [i.quarkus] (main) Profile test activated. 
19:27:53 INFO  [i.quarkus] (main) Installed features: [agroal, cdi, flyway, hibernate-orm, hibernate-orm-panache, hibernate-validator, jdbc-h2, jdbc-postgresql, narayana-jta, oidc, resteasy, resteasy-jackson, security, smallrye-context-propagation, smallrye-openapi, swagger-ui, vertx]
]]></system-out>
  </testcase>
</testsuite>